[06-Feb-2018 17:43:23 UTC] PHP Warning:  include(checker): failed to open stream: No such file or directory in /home/ubuntu/workspace/questionrespond/public_html/subq.php on line 3
[06-Feb-2018 17:43:23 UTC] PHP Stack trace:
[06-Feb-2018 17:43:23 UTC] PHP   1. {main}() /home/ubuntu/workspace/questionrespond/public_html/subq.php:0
[06-Feb-2018 17:43:23 UTC] PHP Warning:  include(): Failed opening 'checker' for inclusion (include_path='.:/usr/share/php:/usr/share/pear') in /home/ubuntu/workspace/questionrespond/public_html/subq.php on line 3
[06-Feb-2018 17:43:23 UTC] PHP Stack trace:
[06-Feb-2018 17:43:23 UTC] PHP   1. {main}() /home/ubuntu/workspace/questionrespond/public_html/subq.php:0
[12-Feb-2018 20:07:39 UTC] PHP Warning:  mysqli_stmt::bind_param(): Number of elements in type definition string doesn't match number of bind variables in /home/ubuntu/workspace/questionrespond/public_html/connectivity.php on line 12
[12-Feb-2018 20:07:39 UTC] PHP Stack trace:
[12-Feb-2018 20:07:39 UTC] PHP   1. {main}() /home/ubuntu/workspace/questionrespond/public_html/connectivity.php:0
[12-Feb-2018 20:07:39 UTC] PHP   2. mysqli_stmt->bind_param() /home/ubuntu/workspace/questionrespond/public_html/connectivity.php:12
[12-Feb-2018 20:07:39 UTC] PHP Fatal error:  Call to a member function fetch_assoc() on a non-object in /home/ubuntu/workspace/questionrespond/public_html/connectivity.php on line 17
[12-Feb-2018 20:07:39 UTC] PHP Stack trace:
[12-Feb-2018 20:07:39 UTC] PHP   1. {main}() /home/ubuntu/workspace/questionrespond/public_html/connectivity.php:0
[12-Feb-2018 20:17:40 UTC] PHP Warning:  Unterminated comment starting line 3 in /home/ubuntu/workspace/questionrespond/public_html/checker.php on line 3
[12-Feb-2018 20:17:40 UTC] PHP Stack trace:
[12-Feb-2018 20:17:40 UTC] PHP   1. {main}() /home/ubuntu/workspace/questionrespond/public_html/ask.php:0
[12-Feb-2018 20:17:49 UTC] PHP Warning:  include(checker): failed to open stream: No such file or directory in /home/ubuntu/workspace/questionrespond/public_html/subq.php on line 3
[12-Feb-2018 20:17:49 UTC] PHP Stack trace:
[12-Feb-2018 20:17:49 UTC] PHP   1. {main}() /home/ubuntu/workspace/questionrespond/public_html/subq.php:0
[12-Feb-2018 20:17:49 UTC] PHP Warning:  include(): Failed opening 'checker' for inclusion (include_path='.:/usr/share/php:/usr/share/pear') in /home/ubuntu/workspace/questionrespond/public_html/subq.php on line 3
[12-Feb-2018 20:17:49 UTC] PHP Stack trace:
[12-Feb-2018 20:17:49 UTC] PHP   1. {main}() /home/ubuntu/workspace/questionrespond/public_html/subq.php:0
[17-Feb-2018 17:13:45 UTC] PHP Warning:  Unterminated comment starting line 3 in /home/ubuntu/workspace/questionrespond/public_html/checker.php on line 3
[17-Feb-2018 17:13:45 UTC] PHP Stack trace:
[17-Feb-2018 17:13:45 UTC] PHP   1. {main}() /home/ubuntu/workspace/questionrespond/public_html/add_newacc.php:0
[17-Feb-2018 18:01:19 UTC] PHP Warning:  mysql_select_db(): Access denied for user ''@'localhost' (using password: NO) in /home/ubuntu/workspace/questionrespond/public_html/question_suggestion.php on line 10
[17-Feb-2018 18:01:19 UTC] PHP Stack trace:
[17-Feb-2018 18:01:19 UTC] PHP   1. {main}() /home/ubuntu/workspace/questionrespond/public_html/question_suggestion.php:0
[17-Feb-2018 18:01:19 UTC] PHP   2. mysql_select_db() /home/ubuntu/workspace/questionrespond/public_html/question_suggestion.php:10
[17-Feb-2018 18:01:19 UTC] PHP Warning:  mysql_select_db(): A link to the server could not be established in /home/ubuntu/workspace/questionrespond/public_html/question_suggestion.php on line 10
[17-Feb-2018 18:01:19 UTC] PHP Stack trace:
[17-Feb-2018 18:01:19 UTC] PHP   1. {main}() /home/ubuntu/workspace/questionrespond/public_html/question_suggestion.php:0
[17-Feb-2018 18:01:19 UTC] PHP   2. mysql_select_db() /home/ubuntu/workspace/questionrespond/public_html/question_suggestion.php:10
[17-Feb-2018 18:01:19 UTC] PHP Warning:  mysql_query(): Access denied for user ''@'localhost' (using password: NO) in /home/ubuntu/workspace/questionrespond/public_html/question_suggestion.php on line 14
[17-Feb-2018 18:01:19 UTC] PHP Stack trace:
[17-Feb-2018 18:01:19 UTC] PHP   1. {main}() /home/ubuntu/workspace/questionrespond/public_html/question_suggestion.php:0
[17-Feb-2018 18:01:19 UTC] PHP   2. mysql_query() /home/ubuntu/workspace/questionrespond/public_html/question_suggestion.php:14
[17-Feb-2018 18:01:19 UTC] PHP Warning:  mysql_query(): A link to the server could not be established in /home/ubuntu/workspace/questionrespond/public_html/question_suggestion.php on line 14
[17-Feb-2018 18:01:19 UTC] PHP Stack trace:
[17-Feb-2018 18:01:19 UTC] PHP   1. {main}() /home/ubuntu/workspace/questionrespond/public_html/question_suggestion.php:0
[17-Feb-2018 18:01:19 UTC] PHP   2. mysql_query() /home/ubuntu/workspace/questionrespond/public_html/question_suggestion.php:14
[17-Feb-2018 18:01:19 UTC] PHP Warning:  mysql_fetch_array() expects parameter 1 to be resource, boolean given in /home/ubuntu/workspace/questionrespond/public_html/question_suggestion.php on line 15
[17-Feb-2018 18:01:19 UTC] PHP Stack trace:
[17-Feb-2018 18:01:19 UTC] PHP   1. {main}() /home/ubuntu/workspace/questionrespond/public_html/question_suggestion.php:0
[17-Feb-2018 18:01:19 UTC] PHP   2. mysql_fetch_array() /home/ubuntu/workspace/questionrespond/public_html/question_suggestion.php:15
[17-Feb-2018 18:02:48 UTC] PHP Warning:  mysql_select_db(): Access denied for user ''@'localhost' (using password: NO) in /home/ubuntu/workspace/questionrespond/public_html/question_suggestion.php on line 10
[17-Feb-2018 18:02:48 UTC] PHP Stack trace:
[17-Feb-2018 18:02:48 UTC] PHP   1. {main}() /home/ubuntu/workspace/questionrespond/public_html/question_suggestion.php:0
[17-Feb-2018 18:02:48 UTC] PHP   2. mysql_select_db() /home/ubuntu/workspace/questionrespond/public_html/question_suggestion.php:10
[17-Feb-2018 18:02:48 UTC] PHP Warning:  mysql_select_db(): A link to the server could not be established in /home/ubuntu/workspace/questionrespond/public_html/question_suggestion.php on line 10
[17-Feb-2018 18:02:48 UTC] PHP Stack trace:
[17-Feb-2018 18:02:48 UTC] PHP   1. {main}() /home/ubuntu/workspace/questionrespond/public_html/question_suggestion.php:0
[17-Feb-2018 18:02:48 UTC] PHP   2. mysql_select_db() /home/ubuntu/workspace/questionrespond/public_html/question_suggestion.php:10
[17-Feb-2018 18:02:48 UTC] PHP Warning:  mysql_query(): Access denied for user ''@'localhost' (using password: NO) in /home/ubuntu/workspace/questionrespond/public_html/question_suggestion.php on line 14
[17-Feb-2018 18:02:48 UTC] PHP Stack trace:
[17-Feb-2018 18:02:48 UTC] PHP   1. {main}() /home/ubuntu/workspace/questionrespond/public_html/question_suggestion.php:0
[17-Feb-2018 18:02:48 UTC] PHP   2. mysql_query() /home/ubuntu/workspace/questionrespond/public_html/question_suggestion.php:14
[17-Feb-2018 18:02:48 UTC] PHP Warning:  mysql_query(): A link to the server could not be established in /home/ubuntu/workspace/questionrespond/public_html/question_suggestion.php on line 14
[17-Feb-2018 18:02:48 UTC] PHP Stack trace:
[17-Feb-2018 18:02:48 UTC] PHP   1. {main}() /home/ubuntu/workspace/questionrespond/public_html/question_suggestion.php:0
[17-Feb-2018 18:02:48 UTC] PHP   2. mysql_query() /home/ubuntu/workspace/questionrespond/public_html/question_suggestion.php:14
[17-Feb-2018 18:02:48 UTC] PHP Warning:  mysql_fetch_array() expects parameter 1 to be resource, boolean given in /home/ubuntu/workspace/questionrespond/public_html/question_suggestion.php on line 15
[17-Feb-2018 18:02:48 UTC] PHP Stack trace:
[17-Feb-2018 18:02:48 UTC] PHP   1. {main}() /home/ubuntu/workspace/questionrespond/public_html/question_suggestion.php:0
[17-Feb-2018 18:02:48 UTC] PHP   2. mysql_fetch_array() /home/ubuntu/workspace/questionrespond/public_html/question_suggestion.php:15
[17-Feb-2018 18:06:10 UTC] PHP Warning:  mysqli_select_db() expects exactly 2 parameters, 1 given in /home/ubuntu/workspace/questionrespond/public_html/question_suggestion.php on line 10
[17-Feb-2018 18:06:10 UTC] PHP Stack trace:
[17-Feb-2018 18:06:10 UTC] PHP   1. {main}() /home/ubuntu/workspace/questionrespond/public_html/question_suggestion.php:0
[17-Feb-2018 18:06:10 UTC] PHP   2. mysqli_select_db() /home/ubuntu/workspace/questionrespond/public_html/question_suggestion.php:10
[17-Feb-2018 18:06:10 UTC] PHP Warning:  mysql_query(): Access denied for user ''@'localhost' (using password: NO) in /home/ubuntu/workspace/questionrespond/public_html/question_suggestion.php on line 14
[17-Feb-2018 18:06:10 UTC] PHP Stack trace:
[17-Feb-2018 18:06:10 UTC] PHP   1. {main}() /home/ubuntu/workspace/questionrespond/public_html/question_suggestion.php:0
[17-Feb-2018 18:06:10 UTC] PHP   2. mysql_query() /home/ubuntu/workspace/questionrespond/public_html/question_suggestion.php:14
[17-Feb-2018 18:06:10 UTC] PHP Warning:  mysql_query(): A link to the server could not be established in /home/ubuntu/workspace/questionrespond/public_html/question_suggestion.php on line 14
[17-Feb-2018 18:06:10 UTC] PHP Stack trace:
[17-Feb-2018 18:06:10 UTC] PHP   1. {main}() /home/ubuntu/workspace/questionrespond/public_html/question_suggestion.php:0
[17-Feb-2018 18:06:10 UTC] PHP   2. mysql_query() /home/ubuntu/workspace/questionrespond/public_html/question_suggestion.php:14
[17-Feb-2018 18:06:10 UTC] PHP Warning:  mysqli_fetch_assoc() expects parameter 1 to be mysqli_result, boolean given in /home/ubuntu/workspace/questionrespond/public_html/question_suggestion.php on line 15
[17-Feb-2018 18:06:10 UTC] PHP Stack trace:
[17-Feb-2018 18:06:10 UTC] PHP   1. {main}() /home/ubuntu/workspace/questionrespond/public_html/question_suggestion.php:0
[17-Feb-2018 18:06:10 UTC] PHP   2. mysqli_fetch_assoc() /home/ubuntu/workspace/questionrespond/public_html/question_suggestion.php:15
[17-Feb-2018 18:06:19 UTC] PHP Warning:  mysqli_select_db() expects exactly 2 parameters, 1 given in /home/ubuntu/workspace/questionrespond/public_html/question_suggestion.php on line 10
[17-Feb-2018 18:06:19 UTC] PHP Stack trace:
[17-Feb-2018 18:06:19 UTC] PHP   1. {main}() /home/ubuntu/workspace/questionrespond/public_html/question_suggestion.php:0
[17-Feb-2018 18:06:19 UTC] PHP   2. mysqli_select_db() /home/ubuntu/workspace/questionrespond/public_html/question_suggestion.php:10
[17-Feb-2018 18:06:19 UTC] PHP Warning:  mysql_query(): Access denied for user ''@'localhost' (using password: NO) in /home/ubuntu/workspace/questionrespond/public_html/question_suggestion.php on line 14
[17-Feb-2018 18:06:19 UTC] PHP Stack trace:
[17-Feb-2018 18:06:19 UTC] PHP   1. {main}() /home/ubuntu/workspace/questionrespond/public_html/question_suggestion.php:0
[17-Feb-2018 18:06:19 UTC] PHP   2. mysql_query() /home/ubuntu/workspace/questionrespond/public_html/question_suggestion.php:14
[17-Feb-2018 18:06:19 UTC] PHP Warning:  mysql_query(): A link to the server could not be established in /home/ubuntu/workspace/questionrespond/public_html/question_suggestion.php on line 14
[17-Feb-2018 18:06:19 UTC] PHP Stack trace:
[17-Feb-2018 18:06:19 UTC] PHP   1. {main}() /home/ubuntu/workspace/questionrespond/public_html/question_suggestion.php:0
[17-Feb-2018 18:06:19 UTC] PHP   2. mysql_query() /home/ubuntu/workspace/questionrespond/public_html/question_suggestion.php:14
[17-Feb-2018 18:06:19 UTC] PHP Warning:  mysqli_fetch_assoc() expects parameter 1 to be mysqli_result, boolean given in /home/ubuntu/workspace/questionrespond/public_html/question_suggestion.php on line 15
[17-Feb-2018 18:06:19 UTC] PHP Stack trace:
[17-Feb-2018 18:06:19 UTC] PHP   1. {main}() /home/ubuntu/workspace/questionrespond/public_html/question_suggestion.php:0
[17-Feb-2018 18:06:19 UTC] PHP   2. mysqli_fetch_assoc() /home/ubuntu/workspace/questionrespond/public_html/question_suggestion.php:15
[17-Feb-2018 18:08:05 UTC] PHP Fatal error:  Call to a member function select_db() on a non-object in /home/ubuntu/workspace/questionrespond/public_html/question_suggestion.php on line 11
[17-Feb-2018 18:08:05 UTC] PHP Stack trace:
[17-Feb-2018 18:08:05 UTC] PHP   1. {main}() /home/ubuntu/workspace/questionrespond/public_html/question_suggestion.php:0
[17-Feb-2018 18:08:14 UTC] PHP Fatal error:  Call to a member function select_db() on a non-object in /home/ubuntu/workspace/questionrespond/public_html/question_suggestion.php on line 11
[17-Feb-2018 18:08:14 UTC] PHP Stack trace:
[17-Feb-2018 18:08:14 UTC] PHP   1. {main}() /home/ubuntu/workspace/questionrespond/public_html/question_suggestion.php:0
[17-Feb-2018 18:08:57 UTC] PHP Fatal error:  Call to a member function select_db() on a non-object in /home/ubuntu/workspace/questionrespond/public_html/question_suggestion.php on line 11
[17-Feb-2018 18:08:57 UTC] PHP Stack trace:
[17-Feb-2018 18:08:57 UTC] PHP   1. {main}() /home/ubuntu/workspace/questionrespond/public_html/question_suggestion.php:0
[17-Feb-2018 18:10:55 UTC] PHP Warning:  mysqli_select_db() expects parameter 1 to be mysqli, null given in /home/ubuntu/workspace/questionrespond/public_html/question_suggestion.php on line 12
[17-Feb-2018 18:10:55 UTC] PHP Stack trace:
[17-Feb-2018 18:10:55 UTC] PHP   1. {main}() /home/ubuntu/workspace/questionrespond/public_html/question_suggestion.php:0
[17-Feb-2018 18:10:55 UTC] PHP   2. mysqli_select_db() /home/ubuntu/workspace/questionrespond/public_html/question_suggestion.php:12
[17-Feb-2018 18:10:55 UTC] PHP Warning:  mysql_query(): Access denied for user ''@'localhost' (using password: NO) in /home/ubuntu/workspace/questionrespond/public_html/question_suggestion.php on line 16
[17-Feb-2018 18:10:55 UTC] PHP Stack trace:
[17-Feb-2018 18:10:55 UTC] PHP   1. {main}() /home/ubuntu/workspace/questionrespond/public_html/question_suggestion.php:0
[17-Feb-2018 18:10:55 UTC] PHP   2. mysql_query() /home/ubuntu/workspace/questionrespond/public_html/question_suggestion.php:16
[17-Feb-2018 18:10:55 UTC] PHP Warning:  mysql_query(): A link to the server could not be established in /home/ubuntu/workspace/questionrespond/public_html/question_suggestion.php on line 16
[17-Feb-2018 18:10:55 UTC] PHP Stack trace:
[17-Feb-2018 18:10:55 UTC] PHP   1. {main}() /home/ubuntu/workspace/questionrespond/public_html/question_suggestion.php:0
[17-Feb-2018 18:10:55 UTC] PHP   2. mysql_query() /home/ubuntu/workspace/questionrespond/public_html/question_suggestion.php:16
[17-Feb-2018 18:10:55 UTC] PHP Warning:  mysqli_fetch_assoc() expects parameter 1 to be mysqli_result, boolean given in /home/ubuntu/workspace/questionrespond/public_html/question_suggestion.php on line 17
[17-Feb-2018 18:10:55 UTC] PHP Stack trace:
[17-Feb-2018 18:10:55 UTC] PHP   1. {main}() /home/ubuntu/workspace/questionrespond/public_html/question_suggestion.php:0
[17-Feb-2018 18:10:55 UTC] PHP   2. mysqli_fetch_assoc() /home/ubuntu/workspace/questionrespond/public_html/question_suggestion.php:17
[17-Feb-2018 18:11:54 UTC] PHP Warning:  mysqli_select_db() expects parameter 1 to be mysqli, null given in /home/ubuntu/workspace/questionrespond/public_html/question_suggestion.php on line 12
[17-Feb-2018 18:11:54 UTC] PHP Stack trace:
[17-Feb-2018 18:11:54 UTC] PHP   1. {main}() /home/ubuntu/workspace/questionrespond/public_html/question_suggestion.php:0
[17-Feb-2018 18:11:54 UTC] PHP   2. mysqli_select_db() /home/ubuntu/workspace/questionrespond/public_html/question_suggestion.php:12
[17-Feb-2018 18:11:54 UTC] PHP Warning:  mysql_query(): Access denied for user ''@'localhost' (using password: NO) in /home/ubuntu/workspace/questionrespond/public_html/question_suggestion.php on line 16
[17-Feb-2018 18:11:54 UTC] PHP Stack trace:
[17-Feb-2018 18:11:54 UTC] PHP   1. {main}() /home/ubuntu/workspace/questionrespond/public_html/question_suggestion.php:0
[17-Feb-2018 18:11:54 UTC] PHP   2. mysql_query() /home/ubuntu/workspace/questionrespond/public_html/question_suggestion.php:16
[17-Feb-2018 18:11:54 UTC] PHP Warning:  mysql_query(): A link to the server could not be established in /home/ubuntu/workspace/questionrespond/public_html/question_suggestion.php on line 16
[17-Feb-2018 18:11:54 UTC] PHP Stack trace:
[17-Feb-2018 18:11:54 UTC] PHP   1. {main}() /home/ubuntu/workspace/questionrespond/public_html/question_suggestion.php:0
[17-Feb-2018 18:11:54 UTC] PHP   2. mysql_query() /home/ubuntu/workspace/questionrespond/public_html/question_suggestion.php:16
[17-Feb-2018 18:11:54 UTC] PHP Warning:  mysqli_fetch_assoc() expects parameter 1 to be mysqli_result, boolean given in /home/ubuntu/workspace/questionrespond/public_html/question_suggestion.php on line 17
[17-Feb-2018 18:11:54 UTC] PHP Stack trace:
[17-Feb-2018 18:11:54 UTC] PHP   1. {main}() /home/ubuntu/workspace/questionrespond/public_html/question_suggestion.php:0
[17-Feb-2018 18:11:54 UTC] PHP   2. mysqli_fetch_assoc() /home/ubuntu/workspace/questionrespond/public_html/question_suggestion.php:17
[17-Feb-2018 18:13:59 UTC] PHP Warning:  mysql_query(): Access denied for user ''@'localhost' (using password: NO) in /home/ubuntu/workspace/questionrespond/public_html/question_suggestion.php on line 16
[17-Feb-2018 18:13:59 UTC] PHP Stack trace:
[17-Feb-2018 18:13:59 UTC] PHP   1. {main}() /home/ubuntu/workspace/questionrespond/public_html/question_suggestion.php:0
[17-Feb-2018 18:13:59 UTC] PHP   2. mysql_query() /home/ubuntu/workspace/questionrespond/public_html/question_suggestion.php:16
[17-Feb-2018 18:13:59 UTC] PHP Warning:  mysql_query(): A link to the server could not be established in /home/ubuntu/workspace/questionrespond/public_html/question_suggestion.php on line 16
[17-Feb-2018 18:13:59 UTC] PHP Stack trace:
[17-Feb-2018 18:13:59 UTC] PHP   1. {main}() /home/ubuntu/workspace/questionrespond/public_html/question_suggestion.php:0
[17-Feb-2018 18:13:59 UTC] PHP   2. mysql_query() /home/ubuntu/workspace/questionrespond/public_html/question_suggestion.php:16
[17-Feb-2018 18:13:59 UTC] PHP Warning:  mysqli_fetch_assoc() expects parameter 1 to be mysqli_result, boolean given in /home/ubuntu/workspace/questionrespond/public_html/question_suggestion.php on line 17
[17-Feb-2018 18:13:59 UTC] PHP Stack trace:
[17-Feb-2018 18:13:59 UTC] PHP   1. {main}() /home/ubuntu/workspace/questionrespond/public_html/question_suggestion.php:0
[17-Feb-2018 18:13:59 UTC] PHP   2. mysqli_fetch_assoc() /home/ubuntu/workspace/questionrespond/public_html/question_suggestion.php:17
[17-Feb-2018 18:15:36 UTC] PHP Warning:  mysqli_query() expects at least 2 parameters, 1 given in /home/ubuntu/workspace/questionrespond/public_html/question_suggestion.php on line 16
[17-Feb-2018 18:15:36 UTC] PHP Stack trace:
[17-Feb-2018 18:15:36 UTC] PHP   1. {main}() /home/ubuntu/workspace/questionrespond/public_html/question_suggestion.php:0
[17-Feb-2018 18:15:36 UTC] PHP   2. mysqli_query() /home/ubuntu/workspace/questionrespond/public_html/question_suggestion.php:16
[17-Feb-2018 18:15:36 UTC] PHP Warning:  mysqli_fetch_assoc() expects parameter 1 to be mysqli_result, null given in /home/ubuntu/workspace/questionrespond/public_html/question_suggestion.php on line 17
[17-Feb-2018 18:15:36 UTC] PHP Stack trace:
[17-Feb-2018 18:15:36 UTC] PHP   1. {main}() /home/ubuntu/workspace/questionrespond/public_html/question_suggestion.php:0
[17-Feb-2018 18:15:36 UTC] PHP   2. mysqli_fetch_assoc() /home/ubuntu/workspace/questionrespond/public_html/question_suggestion.php:17
[20-Feb-2018 20:30:37 UTC] PHP Warning:  Unterminated comment starting line 3 in /home/ubuntu/workspace/questionrespond/public_html/checker.php on line 3
[20-Feb-2018 20:30:37 UTC] PHP Stack trace:
[20-Feb-2018 20:30:37 UTC] PHP   1. {main}() /home/ubuntu/workspace/questionrespond/public_html/add_newacc.php:0
[23-Feb-2018 23:29:55 UTC] PHP Warning:  include(checker.php): failed to open stream: No such file or directory in /home/ubuntu/workspace/questionrespond/public_html/totalqs.php on line 3
[23-Feb-2018 23:29:55 UTC] PHP Stack trace:
[23-Feb-2018 23:29:55 UTC] PHP   1. {main}() /home/ubuntu/workspace/questionrespond/public_html/totalqs.php:0
[23-Feb-2018 23:29:55 UTC] PHP Warning:  include(): Failed opening 'checker.php' for inclusion (include_path='.:/usr/share/php:/usr/share/pear') in /home/ubuntu/workspace/questionrespond/public_html/totalqs.php on line 3
[23-Feb-2018 23:29:55 UTC] PHP Stack trace:
[23-Feb-2018 23:29:55 UTC] PHP   1. {main}() /home/ubuntu/workspace/questionrespond/public_html/totalqs.php:0
[25-Feb-2018 03:34:12 UTC] PHP Fatal error:  Call to a member function prepare() on a non-object in /home/ubuntu/workspace/questionrespond/public_html/totalqs.php on line 92
[25-Feb-2018 03:34:12 UTC] PHP Stack trace:
[25-Feb-2018 03:34:12 UTC] PHP   1. {main}() /home/ubuntu/workspace/questionrespond/public_html/totalqs.php:0
[25-Feb-2018 03:36:03 UTC] PHP Fatal error:  Call to a member function prepare() on a non-object in /home/ubuntu/workspace/questionrespond/public_html/totalqs.php on line 92
[25-Feb-2018 03:36:03 UTC] PHP Stack trace:
[25-Feb-2018 03:36:03 UTC] PHP   1. {main}() /home/ubuntu/workspace/questionrespond/public_html/totalqs.php:0
[08-Mar-2018 02:38:53 UTC] PHP Warning:  include(totalqsJSONcall.php): failed to open stream: No such file or directory in /home/ubuntu/workspace/questionrespond/public_html/totalqs.php on line 73
[08-Mar-2018 02:38:53 UTC] PHP Stack trace:
[08-Mar-2018 02:38:53 UTC] PHP   1. {main}() /home/ubuntu/workspace/questionrespond/public_html/totalqs.php:0
[08-Mar-2018 02:38:53 UTC] PHP Warning:  include(): Failed opening 'totalqsJSONcall.php' for inclusion (include_path='.:/usr/share/php:/usr/share/pear') in /home/ubuntu/workspace/questionrespond/public_html/totalqs.php on line 73
[08-Mar-2018 02:38:53 UTC] PHP Stack trace:
[08-Mar-2018 02:38:53 UTC] PHP   1. {main}() /home/ubuntu/workspace/questionrespond/public_html/totalqs.php:0
[13-Mar-2018 17:21:55 UTC] PHP Warning:  include(controller/totalqsJSONcall.php): failed to open stream: No such file or directory in /home/ubuntu/workspace/questionrespond/public_html/totalqs.php on line 72
[13-Mar-2018 17:21:55 UTC] PHP Stack trace:
[13-Mar-2018 17:21:55 UTC] PHP   1. {main}() /home/ubuntu/workspace/questionrespond/public_html/totalqs.php:0
[13-Mar-2018 17:21:55 UTC] PHP Warning:  include(): Failed opening 'controller/totalqsJSONcall.php' for inclusion (include_path='.:/usr/share/php:/usr/share/pear') in /home/ubuntu/workspace/questionrespond/public_html/totalqs.php on line 72
[13-Mar-2018 17:21:55 UTC] PHP Stack trace:
[13-Mar-2018 17:21:55 UTC] PHP   1. {main}() /home/ubuntu/workspace/questionrespond/public_html/totalqs.php:0
